Build started 25/10/2016 11:18:43.
     1>Project "C:\Users\adevito\Documents\tools\sleuthkit\win32\tsk_comparedir\tsk_compare.vcxproj" on node 3 (build target(s)).
     1>InitializeBuildStatus:
         Creating "Release_PostgreSQL\tsk_comparedir.unsuccessfulbuild" because "AlwaysCreate" was specified.
       ClCompile:
         All outputs are up-to-date.
       Link:
         C:\Program Files (x86)\Microsoft Visual Studio 10.0\VC\bin\link.exe /ERRORREPORT:PROMPT /OUT:"C:\Users\adevito\Documents\tools\sleuthkit\win32\Release_PostgreSQL\tsk_comparedir.exe" /NOLOGO /LIBPATH:"C:\Users\adevito\Documents\tools\libvmdk-20160119\msvscpp\release" /LIBPATH:"C:\Users\adevito\Documents\tools\libvhdi-20160424\msvscpp\release" /LIBPATH:"C:\Users\adevito\Documents\tools\libewf-20160424\msvscpp\release" libvhdi.lib libvmdk.lib libewf.lib zlib.lib kernel32.lib user32.lib gdi32.lib winspool.lib comdlg32.lib advapi32.lib shell32.lib ole32.lib oleaut32.lib uuid.lib odbc32.lib odbccp32.lib /MANIFEST /ManifestFile:"Release_PostgreSQL\tsk_comparedir.exe.intermediate.manifest" /MANIFESTUAC:"level='asInvoker' uiAccess='false'" /DEBUG /PDB:"C:\Users\adevito\Documents\tools\sleuthkit\win32\Release_PostgreSQL\tsk_comparedir.pdb" /OPT:REF /OPT:ICF /LTCG /TLBID:1 /DYNAMICBASE /NXCOMPAT /IMPLIB:"C:\Users\adevito\Documents\tools\sleuthkit\win32\Release_PostgreSQL\tsk_comparedir.lib" /MACHINE:X86 Release_PostgreSQL\tsk_comparedir.obj
         C:\Users\adevito\Documents\tools\sleuthkit\win32\Release_PostgreSQL\libtsk.lib
         Generating code
         Finished generating code
         tsk_compare.vcxproj -> C:\Users\adevito\Documents\tools\sleuthkit\win32\Release_PostgreSQL\tsk_comparedir.exe
       Manifest:
         C:\Program Files (x86)\Microsoft SDKs\Windows\v7.0A\bin\mt.exe /nologo /verbose /outputresource:"C:\Users\adevito\Documents\tools\sleuthkit\win32\Release_PostgreSQL\tsk_comparedir.exe;#1" /manifest Release_PostgreSQL\tsk_comparedir.exe.intermediate.manifest
       FinalizeBuildStatus:
         Deleting file "Release_PostgreSQL\tsk_comparedir.unsuccessfulbuild".
         Touching "Release_PostgreSQL\tsk_comparedir.lastbuildstate".
     1>Done Building Project "C:\Users\adevito\Documents\tools\sleuthkit\win32\tsk_comparedir\tsk_compare.vcxproj" (build target(s)).

Build succeeded.

Time Elapsed 00:00:23.51
