Build started 18/10/2016 14:48:29.
     1>Project "C:\Users\adevito\Documents\tools\sleuthkit\win32\callback-cpp-sample\callback-cpp-sample.vcxproj" on node 4 (rebuild target(s)).
     1>_PrepareForClean:
         Deleting file "Release_PostgreSQL\callback-cpp-sample.lastbuildstate".
       InitializeBuildStatus:
         Creating "Release_PostgreSQL\callback-cpp-sample.unsuccessfulbuild" because "AlwaysCreate" was specified.
       ClCompile:
         C:\Program Files (x86)\Microsoft Visual Studio 10.0\VC\bin\CL.exe /c /I"C:\Users\adevito\Documents\tools\sleuthkit\win32\callback-cpp-sample\\..\..\\" /Zi /nologo /W3 /WX- /O2 /Oi /Oy- /GL /D WIN32 /D NDEBUG /D _WINDOWS /D _UNICODE /D UNICODE /Gm- /EHsc /MD /GS /Gy /fp:precise /Zc:wchar_t /Zc:forScope /Fo"Release_PostgreSQL\\" /Fd"Release_PostgreSQL\vc100.pdb" /Gd /TP /analyze- /errorReport:prompt "..\..\samples\callback-cpp-style.cpp"
         callback-cpp-style.cpp
       Link:
         C:\Program Files (x86)\Microsoft Visual Studio 10.0\VC\bin\link.exe /ERRORREPORT:PROMPT /OUT:"C:\Users\adevito\Documents\tools\sleuthkit\win32\Release_PostgreSQL\callback-cpp-sample.exe" /INCREMENTAL:NO /NOLOGO /LIBPATH:"C:\Users\adevito\Documents\tools\libvmdk-20160119\msvscpp\release" /LIBPATH:"C:\Users\adevito\Documents\tools\libvhdi-20160424\msvscpp\release" /LIBPATH:"C:\Users\adevito\Documents\tools\libewf-20160424\msvscpp\release" libvhdi.lib libvmdk.lib libewf.lib zlib.lib kernel32.lib user32.lib gdi32.lib winspool.lib comdlg32.lib advapi32.lib shell32.lib ole32.lib oleaut32.lib uuid.lib odbc32.lib odbccp32.lib /MANIFEST /ManifestFile:"Release_PostgreSQL\callback-cpp-sample.exe.intermediate.manifest" /MANIFESTUAC:"level='asInvoker' uiAccess='false'" /DEBUG /PDB:"C:\Users\adevito\Documents\tools\sleuthkit\win32\Release_PostgreSQL\callback-cpp-sample.pdb" /SUBSYSTEM:CONSOLE /OPT:REF /OPT:ICF /LTCG /TLBID:1 /DYNAMICBASE /NXCOMPAT /IMPLIB:"C:\Users\adevito\Documents\tools\sleuthkit\win32\Release_PostgreSQL\callback-cpp-sample.lib" /MACHINE:X86 "Release_PostgreSQL\callback-cpp-style.obj"
         C:\Users\adevito\Documents\tools\sleuthkit\win32\Release_PostgreSQL\libtsk.lib
         Generating code
         Finished generating code
         callback-cpp-sample.vcxproj -> C:\Users\adevito\Documents\tools\sleuthkit\win32\Release_PostgreSQL\callback-cpp-sample.exe
       Manifest:
         C:\Program Files (x86)\Microsoft SDKs\Windows\v7.0A\bin\mt.exe /nologo /verbose /outputresource:"C:\Users\adevito\Documents\tools\sleuthkit\win32\Release_PostgreSQL\callback-cpp-sample.exe;#1" /manifest "Release_PostgreSQL\callback-cpp-sample.exe.intermediate.manifest"
       FinalizeBuildStatus:
         Deleting file "Release_PostgreSQL\callback-cpp-sample.unsuccessfulbuild".
         Touching "Release_PostgreSQL\callback-cpp-sample.lastbuildstate".
     1>Done Building Project "C:\Users\adevito\Documents\tools\sleuthkit\win32\callback-cpp-sample\callback-cpp-sample.vcxproj" (rebuild target(s)).

Build succeeded.

Time Elapsed 00:00:28.66
