Build started 18/10/2016 14:50:33.
     1>Project "C:\Users\adevito\Documents\tools\sleuthkit\win32\blkcalc\blkcalc.vcxproj" on node 5 (rebuild target(s)).
     1>_PrepareForClean:
         Deleting file "Release_PostgreSQL\blkcalc.lastbuildstate".
       InitializeBuildStatus:
         Creating "Release_PostgreSQL\blkcalc.unsuccessfulbuild" because "AlwaysCreate" was specified.
       ClCompile:
         C:\Program Files (x86)\Microsoft Visual Studio 10.0\VC\bin\CL.exe /c /IC:\Users\adevito\Documents\tools\sleuthkit\win32\blkcalc\\..\..\ /Zi /nologo /W3 /WX- /O2 /Oy- /GL /D WIN32 /D NDEBUG /D _CONSOLE /D _UNICODE /D UNICODE /Gm- /EHsc /MD /GS /fp:precise /Zc:wchar_t /Zc:forScope /Fo"Release_PostgreSQL\\" /Fd"Release_PostgreSQL\vc100.pdb" /Gd /TP /analyze- /errorReport:prompt ..\..\tools\fstools\blkcalc.cpp
         blkcalc.cpp
       Link:
         C:\Program Files (x86)\Microsoft Visual Studio 10.0\VC\bin\link.exe /ERRORREPORT:PROMPT /OUT:"C:\Users\adevito\Documents\tools\sleuthkit\win32\Release_PostgreSQL\blkcalc.exe" /INCREMENTAL:NO /NOLOGO /LIBPATH:"C:\Users\adevito\Documents\tools\libvmdk-20160119\msvscpp\release" /LIBPATH:"C:\Users\adevito\Documents\tools\libvhdi-20160424\msvscpp\release" /LIBPATH:"C:\Users\adevito\Documents\tools\libewf-20160424\msvscpp\release" libvhdi.lib libvmdk.lib libewf.lib zlib.lib kernel32.lib user32.lib gdi32.lib winspool.lib comdlg32.lib advapi32.lib shell32.lib ole32.lib oleaut32.lib uuid.lib odbc32.lib odbccp32.lib /MANIFEST /ManifestFile:"Release_PostgreSQL\blkcalc.exe.intermediate.manifest" /MANIFESTUAC:"level='asInvoker' uiAccess='false'" /DEBUG /PDB:"C:\Users\adevito\Documents\tools\sleuthkit\win32\Release_PostgreSQL\blkcalc.pdb" /SUBSYSTEM:CONSOLE /OPT:REF /OPT:ICF /LTCG /TLBID:1 /DYNAMICBASE:NO /IMPLIB:"C:\Users\adevito\Documents\tools\sleuthkit\win32\Release_PostgreSQL\blkcalc.lib" /MACHINE:X86 Release_PostgreSQL\blkcalc.obj
         C:\Users\adevito\Documents\tools\sleuthkit\win32\Release_PostgreSQL\libtsk.lib
         Generating code
         Finished generating code
         blkcalc.vcxproj -> C:\Users\adevito\Documents\tools\sleuthkit\win32\Release_PostgreSQL\blkcalc.exe
       Manifest:
         C:\Program Files (x86)\Microsoft SDKs\Windows\v7.0A\bin\mt.exe /nologo /verbose /outputresource:"C:\Users\adevito\Documents\tools\sleuthkit\win32\Release_PostgreSQL\blkcalc.exe;#1" /manifest Release_PostgreSQL\blkcalc.exe.intermediate.manifest
       FinalizeBuildStatus:
         Deleting file "Release_PostgreSQL\blkcalc.unsuccessfulbuild".
         Touching "Release_PostgreSQL\blkcalc.lastbuildstate".
     1>Done Building Project "C:\Users\adevito\Documents\tools\sleuthkit\win32\blkcalc\blkcalc.vcxproj" (rebuild target(s)).

Build succeeded.

Time Elapsed 00:00:29.30
