C:\USERS\ADEVITO\DOCUMENTS\TOOLS\SLEUTHKIT\WIN32\LIBTSK\RELEASE_POSTGRESQL\AFF.OBJ
C:\USERS\ADEVITO\DOCUMENTS\TOOLS\SLEUTHKIT\WIN32\LIBTSK\RELEASE_POSTGRESQL\AUTO.OBJ
C:\USERS\ADEVITO\DOCUMENTS\TOOLS\SLEUTHKIT\WIN32\LIBTSK\RELEASE_POSTGRESQL\AUTO_DB.OBJ
C:\USERS\ADEVITO\DOCUMENTS\TOOLS\SLEUTHKIT\WIN32\LIBTSK\RELEASE_POSTGRESQL\BINSRCH_INDEX.OBJ
C:\USERS\ADEVITO\DOCUMENTS\TOOLS\SLEUTHKIT\WIN32\LIBTSK\RELEASE_POSTGRESQL\BSD.OBJ
C:\USERS\ADEVITO\DOCUMENTS\TOOLS\SLEUTHKIT\WIN32\LIBTSK\RELEASE_POSTGRESQL\CASE_DB.OBJ
C:\Users\adevito\Documents\tools\sleuthkit\win32\libtsk\Release_PostgreSQL\cl.command.1.tlog
C:\Users\adevito\Documents\tools\sleuthkit\win32\libtsk\Release_PostgreSQL\CL.read.1.tlog
C:\Users\adevito\Documents\tools\sleuthkit\win32\libtsk\Release_PostgreSQL\CL.write.1.tlog
C:\USERS\ADEVITO\DOCUMENTS\TOOLS\SLEUTHKIT\WIN32\LIBTSK\RELEASE_POSTGRESQL\DB_POSTGRESQL.OBJ
C:\USERS\ADEVITO\DOCUMENTS\TOOLS\SLEUTHKIT\WIN32\LIBTSK\RELEASE_POSTGRESQL\DB_SQLITE.OBJ
C:\USERS\ADEVITO\DOCUMENTS\TOOLS\SLEUTHKIT\WIN32\LIBTSK\RELEASE_POSTGRESQL\DCALC_LIB.OBJ
C:\USERS\ADEVITO\DOCUMENTS\TOOLS\SLEUTHKIT\WIN32\LIBTSK\RELEASE_POSTGRESQL\DCAT_LIB.OBJ
C:\USERS\ADEVITO\DOCUMENTS\TOOLS\SLEUTHKIT\WIN32\LIBTSK\RELEASE_POSTGRESQL\DLS_LIB.OBJ
C:\USERS\ADEVITO\DOCUMENTS\TOOLS\SLEUTHKIT\WIN32\LIBTSK\RELEASE_POSTGRESQL\DOS.OBJ
C:\USERS\ADEVITO\DOCUMENTS\TOOLS\SLEUTHKIT\WIN32\LIBTSK\RELEASE_POSTGRESQL\DSTAT_LIB.OBJ
C:\USERS\ADEVITO\DOCUMENTS\TOOLS\SLEUTHKIT\WIN32\LIBTSK\RELEASE_POSTGRESQL\ENCASE.OBJ
C:\USERS\ADEVITO\DOCUMENTS\TOOLS\SLEUTHKIT\WIN32\LIBTSK\RELEASE_POSTGRESQL\EWF.OBJ
C:\USERS\ADEVITO\DOCUMENTS\TOOLS\SLEUTHKIT\WIN32\LIBTSK\RELEASE_POSTGRESQL\EXFATFS.OBJ
C:\USERS\ADEVITO\DOCUMENTS\TOOLS\SLEUTHKIT\WIN32\LIBTSK\RELEASE_POSTGRESQL\EXFATFS_DENT.OBJ
C:\USERS\ADEVITO\DOCUMENTS\TOOLS\SLEUTHKIT\WIN32\LIBTSK\RELEASE_POSTGRESQL\EXFATFS_META.OBJ
C:\USERS\ADEVITO\DOCUMENTS\TOOLS\SLEUTHKIT\WIN32\LIBTSK\RELEASE_POSTGRESQL\EXT2FS.OBJ
C:\USERS\ADEVITO\DOCUMENTS\TOOLS\SLEUTHKIT\WIN32\LIBTSK\RELEASE_POSTGRESQL\EXT2FS_DENT.OBJ
C:\USERS\ADEVITO\DOCUMENTS\TOOLS\SLEUTHKIT\WIN32\LIBTSK\RELEASE_POSTGRESQL\EXT2FS_JOURNAL.OBJ
C:\USERS\ADEVITO\DOCUMENTS\TOOLS\SLEUTHKIT\WIN32\LIBTSK\RELEASE_POSTGRESQL\FATFS.OBJ
C:\USERS\ADEVITO\DOCUMENTS\TOOLS\SLEUTHKIT\WIN32\LIBTSK\RELEASE_POSTGRESQL\FATFS_DENT.OBJ
C:\USERS\ADEVITO\DOCUMENTS\TOOLS\SLEUTHKIT\WIN32\LIBTSK\RELEASE_POSTGRESQL\FATFS_META.OBJ
C:\USERS\ADEVITO\DOCUMENTS\TOOLS\SLEUTHKIT\WIN32\LIBTSK\RELEASE_POSTGRESQL\FATFS_UTILS.OBJ
C:\USERS\ADEVITO\DOCUMENTS\TOOLS\SLEUTHKIT\WIN32\LIBTSK\RELEASE_POSTGRESQL\FATXXFS.OBJ
C:\USERS\ADEVITO\DOCUMENTS\TOOLS\SLEUTHKIT\WIN32\LIBTSK\RELEASE_POSTGRESQL\FATXXFS_DENT.OBJ
C:\USERS\ADEVITO\DOCUMENTS\TOOLS\SLEUTHKIT\WIN32\LIBTSK\RELEASE_POSTGRESQL\FATXXFS_META.OBJ
C:\USERS\ADEVITO\DOCUMENTS\TOOLS\SLEUTHKIT\WIN32\LIBTSK\RELEASE_POSTGRESQL\FFIND_LIB.OBJ
C:\USERS\ADEVITO\DOCUMENTS\TOOLS\SLEUTHKIT\WIN32\LIBTSK\RELEASE_POSTGRESQL\FFS.OBJ
C:\USERS\ADEVITO\DOCUMENTS\TOOLS\SLEUTHKIT\WIN32\LIBTSK\RELEASE_POSTGRESQL\FFS_DENT.OBJ
C:\USERS\ADEVITO\DOCUMENTS\TOOLS\SLEUTHKIT\WIN32\LIBTSK\RELEASE_POSTGRESQL\FLS_LIB.OBJ
C:\USERS\ADEVITO\DOCUMENTS\TOOLS\SLEUTHKIT\WIN32\LIBTSK\RELEASE_POSTGRESQL\FS_ATTR.OBJ
C:\USERS\ADEVITO\DOCUMENTS\TOOLS\SLEUTHKIT\WIN32\LIBTSK\RELEASE_POSTGRESQL\FS_ATTRLIST.OBJ
C:\USERS\ADEVITO\DOCUMENTS\TOOLS\SLEUTHKIT\WIN32\LIBTSK\RELEASE_POSTGRESQL\FS_BLOCK.OBJ
C:\USERS\ADEVITO\DOCUMENTS\TOOLS\SLEUTHKIT\WIN32\LIBTSK\RELEASE_POSTGRESQL\FS_DIR.OBJ
C:\USERS\ADEVITO\DOCUMENTS\TOOLS\SLEUTHKIT\WIN32\LIBTSK\RELEASE_POSTGRESQL\FS_FILE.OBJ
C:\USERS\ADEVITO\DOCUMENTS\TOOLS\SLEUTHKIT\WIN32\LIBTSK\RELEASE_POSTGRESQL\FS_INODE.OBJ
C:\USERS\ADEVITO\DOCUMENTS\TOOLS\SLEUTHKIT\WIN32\LIBTSK\RELEASE_POSTGRESQL\FS_IO.OBJ
C:\USERS\ADEVITO\DOCUMENTS\TOOLS\SLEUTHKIT\WIN32\LIBTSK\RELEASE_POSTGRESQL\FS_LOAD.OBJ
C:\USERS\ADEVITO\DOCUMENTS\TOOLS\SLEUTHKIT\WIN32\LIBTSK\RELEASE_POSTGRESQL\FS_NAME.OBJ
C:\USERS\ADEVITO\DOCUMENTS\TOOLS\SLEUTHKIT\WIN32\LIBTSK\RELEASE_POSTGRESQL\FS_OPEN.OBJ
C:\USERS\ADEVITO\DOCUMENTS\TOOLS\SLEUTHKIT\WIN32\LIBTSK\RELEASE_POSTGRESQL\FS_PARSE.OBJ
C:\USERS\ADEVITO\DOCUMENTS\TOOLS\SLEUTHKIT\WIN32\LIBTSK\RELEASE_POSTGRESQL\FS_TYPES.OBJ
C:\USERS\ADEVITO\DOCUMENTS\TOOLS\SLEUTHKIT\WIN32\LIBTSK\RELEASE_POSTGRESQL\GPT.OBJ
C:\USERS\ADEVITO\DOCUMENTS\TOOLS\SLEUTHKIT\WIN32\LIBTSK\RELEASE_POSTGRESQL\GUID.OBJ
C:\USERS\ADEVITO\DOCUMENTS\TOOLS\SLEUTHKIT\WIN32\LIBTSK\RELEASE_POSTGRESQL\HASHKEEPER.OBJ
C:\USERS\ADEVITO\DOCUMENTS\TOOLS\SLEUTHKIT\WIN32\LIBTSK\RELEASE_POSTGRESQL\HDB_BASE.OBJ
C:\USERS\ADEVITO\DOCUMENTS\TOOLS\SLEUTHKIT\WIN32\LIBTSK\RELEASE_POSTGRESQL\HFS.OBJ
C:\USERS\ADEVITO\DOCUMENTS\TOOLS\SLEUTHKIT\WIN32\LIBTSK\RELEASE_POSTGRESQL\HFS_DENT.OBJ
C:\USERS\ADEVITO\DOCUMENTS\TOOLS\SLEUTHKIT\WIN32\LIBTSK\RELEASE_POSTGRESQL\HFS_JOURNAL.OBJ
C:\USERS\ADEVITO\DOCUMENTS\TOOLS\SLEUTHKIT\WIN32\LIBTSK\RELEASE_POSTGRESQL\HFS_UNICOMPARE.OBJ
C:\USERS\ADEVITO\DOCUMENTS\TOOLS\SLEUTHKIT\WIN32\LIBTSK\RELEASE_POSTGRESQL\ICAT_LIB.OBJ
C:\USERS\ADEVITO\DOCUMENTS\TOOLS\SLEUTHKIT\WIN32\LIBTSK\RELEASE_POSTGRESQL\IDXONLY.OBJ
C:\USERS\ADEVITO\DOCUMENTS\TOOLS\SLEUTHKIT\WIN32\LIBTSK\RELEASE_POSTGRESQL\IFIND_LIB.OBJ
C:\USERS\ADEVITO\DOCUMENTS\TOOLS\SLEUTHKIT\WIN32\LIBTSK\RELEASE_POSTGRESQL\ILS_LIB.OBJ
C:\USERS\ADEVITO\DOCUMENTS\TOOLS\SLEUTHKIT\WIN32\LIBTSK\RELEASE_POSTGRESQL\IMG_IO.OBJ
C:\USERS\ADEVITO\DOCUMENTS\TOOLS\SLEUTHKIT\WIN32\LIBTSK\RELEASE_POSTGRESQL\IMG_OPEN.OBJ
C:\USERS\ADEVITO\DOCUMENTS\TOOLS\SLEUTHKIT\WIN32\LIBTSK\RELEASE_POSTGRESQL\IMG_TYPES.OBJ
C:\USERS\ADEVITO\DOCUMENTS\TOOLS\SLEUTHKIT\WIN32\LIBTSK\RELEASE_POSTGRESQL\ISO9660.OBJ
C:\USERS\ADEVITO\DOCUMENTS\TOOLS\SLEUTHKIT\WIN32\LIBTSK\RELEASE_POSTGRESQL\ISO9660_DENT.OBJ
C:\Users\adevito\Documents\tools\sleuthkit\win32\libtsk\Release_PostgreSQL\lib.command.1.tlog
C:\Users\adevito\Documents\tools\sleuthkit\win32\libtsk\Release_PostgreSQL\Lib-link.read.1.tlog
C:\Users\adevito\Documents\tools\sleuthkit\win32\libtsk\Release_PostgreSQL\Lib-link.write.1.tlog
C:\Users\adevito\Documents\tools\sleuthkit\win32\libtsk\Release_PostgreSQL\libtsk.write.1.tlog
C:\USERS\ADEVITO\DOCUMENTS\TOOLS\SLEUTHKIT\WIN32\LIBTSK\RELEASE_POSTGRESQL\MAC.OBJ
C:\USERS\ADEVITO\DOCUMENTS\TOOLS\SLEUTHKIT\WIN32\LIBTSK\RELEASE_POSTGRESQL\MD5C.OBJ
C:\USERS\ADEVITO\DOCUMENTS\TOOLS\SLEUTHKIT\WIN32\LIBTSK\RELEASE_POSTGRESQL\MD5SUM.OBJ
C:\USERS\ADEVITO\DOCUMENTS\TOOLS\SLEUTHKIT\WIN32\LIBTSK\RELEASE_POSTGRESQL\MM_IO.OBJ
C:\USERS\ADEVITO\DOCUMENTS\TOOLS\SLEUTHKIT\WIN32\LIBTSK\RELEASE_POSTGRESQL\MM_OPEN.OBJ
C:\USERS\ADEVITO\DOCUMENTS\TOOLS\SLEUTHKIT\WIN32\LIBTSK\RELEASE_POSTGRESQL\MM_PART.OBJ
C:\USERS\ADEVITO\DOCUMENTS\TOOLS\SLEUTHKIT\WIN32\LIBTSK\RELEASE_POSTGRESQL\MM_TYPES.OBJ
C:\USERS\ADEVITO\DOCUMENTS\TOOLS\SLEUTHKIT\WIN32\LIBTSK\RELEASE_POSTGRESQL\MULT_FILES.OBJ
C:\USERS\ADEVITO\DOCUMENTS\TOOLS\SLEUTHKIT\WIN32\LIBTSK\RELEASE_POSTGRESQL\MYMALLOC.OBJ
C:\USERS\ADEVITO\DOCUMENTS\TOOLS\SLEUTHKIT\WIN32\LIBTSK\RELEASE_POSTGRESQL\NOFS_MISC.OBJ
C:\USERS\ADEVITO\DOCUMENTS\TOOLS\SLEUTHKIT\WIN32\LIBTSK\RELEASE_POSTGRESQL\NSRL.OBJ
C:\USERS\ADEVITO\DOCUMENTS\TOOLS\SLEUTHKIT\WIN32\LIBTSK\RELEASE_POSTGRESQL\NTFS.OBJ
C:\USERS\ADEVITO\DOCUMENTS\TOOLS\SLEUTHKIT\WIN32\LIBTSK\RELEASE_POSTGRESQL\NTFS_DENT.OBJ
C:\USERS\ADEVITO\DOCUMENTS\TOOLS\SLEUTHKIT\WIN32\LIBTSK\RELEASE_POSTGRESQL\RAW.OBJ
C:\USERS\ADEVITO\DOCUMENTS\TOOLS\SLEUTHKIT\WIN32\LIBTSK\RELEASE_POSTGRESQL\RAWFS.OBJ
C:\USERS\ADEVITO\DOCUMENTS\TOOLS\SLEUTHKIT\WIN32\LIBTSK\RELEASE_POSTGRESQL\SHA1C.OBJ
C:\USERS\ADEVITO\DOCUMENTS\TOOLS\SLEUTHKIT\WIN32\LIBTSK\RELEASE_POSTGRESQL\SQLITE_HDB.OBJ
C:\USERS\ADEVITO\DOCUMENTS\TOOLS\SLEUTHKIT\WIN32\LIBTSK\RELEASE_POSTGRESQL\SQLITE3.OBJ
C:\USERS\ADEVITO\DOCUMENTS\TOOLS\SLEUTHKIT\WIN32\LIBTSK\RELEASE_POSTGRESQL\SUN.OBJ
C:\USERS\ADEVITO\DOCUMENTS\TOOLS\SLEUTHKIT\WIN32\LIBTSK\RELEASE_POSTGRESQL\SWAPFS.OBJ
C:\USERS\ADEVITO\DOCUMENTS\TOOLS\SLEUTHKIT\WIN32\LIBTSK\RELEASE_POSTGRESQL\TSK_DB.OBJ
C:\USERS\ADEVITO\DOCUMENTS\TOOLS\SLEUTHKIT\WIN32\LIBTSK\RELEASE_POSTGRESQL\TSK_ENDIAN.OBJ
C:\USERS\ADEVITO\DOCUMENTS\TOOLS\SLEUTHKIT\WIN32\LIBTSK\RELEASE_POSTGRESQL\TSK_ERROR.OBJ
C:\USERS\ADEVITO\DOCUMENTS\TOOLS\SLEUTHKIT\WIN32\LIBTSK\RELEASE_POSTGRESQL\TSK_ERROR_WIN32.OBJ
C:\USERS\ADEVITO\DOCUMENTS\TOOLS\SLEUTHKIT\WIN32\LIBTSK\RELEASE_POSTGRESQL\TSK_HASHDB.OBJ
C:\USERS\ADEVITO\DOCUMENTS\TOOLS\SLEUTHKIT\WIN32\LIBTSK\RELEASE_POSTGRESQL\TSK_LIST.OBJ
C:\USERS\ADEVITO\DOCUMENTS\TOOLS\SLEUTHKIT\WIN32\LIBTSK\RELEASE_POSTGRESQL\TSK_LOCK.OBJ
C:\USERS\ADEVITO\DOCUMENTS\TOOLS\SLEUTHKIT\WIN32\LIBTSK\RELEASE_POSTGRESQL\TSK_PARSE.OBJ
C:\USERS\ADEVITO\DOCUMENTS\TOOLS\SLEUTHKIT\WIN32\LIBTSK\RELEASE_POSTGRESQL\TSK_PRINTF.OBJ
C:\USERS\ADEVITO\DOCUMENTS\TOOLS\SLEUTHKIT\WIN32\LIBTSK\RELEASE_POSTGRESQL\TSK_STACK.OBJ
C:\USERS\ADEVITO\DOCUMENTS\TOOLS\SLEUTHKIT\WIN32\LIBTSK\RELEASE_POSTGRESQL\TSK_UNICODE.OBJ
C:\USERS\ADEVITO\DOCUMENTS\TOOLS\SLEUTHKIT\WIN32\LIBTSK\RELEASE_POSTGRESQL\TSK_VERSION.OBJ
C:\USERS\ADEVITO\DOCUMENTS\TOOLS\SLEUTHKIT\WIN32\LIBTSK\RELEASE_POSTGRESQL\UNIX_MISC.OBJ
C:\USERS\ADEVITO\DOCUMENTS\TOOLS\SLEUTHKIT\WIN32\LIBTSK\RELEASE_POSTGRESQL\VC100.PDB
C:\USERS\ADEVITO\DOCUMENTS\TOOLS\SLEUTHKIT\WIN32\LIBTSK\RELEASE_POSTGRESQL\VHD.OBJ
C:\USERS\ADEVITO\DOCUMENTS\TOOLS\SLEUTHKIT\WIN32\LIBTSK\RELEASE_POSTGRESQL\VMDK.OBJ
C:\USERS\ADEVITO\DOCUMENTS\TOOLS\SLEUTHKIT\WIN32\LIBTSK\RELEASE_POSTGRESQL\WALK_CPP.OBJ
C:\USERS\ADEVITO\DOCUMENTS\TOOLS\SLEUTHKIT\WIN32\LIBTSK\RELEASE_POSTGRESQL\XGETOPT.OBJ
C:\USERS\ADEVITO\DOCUMENTS\TOOLS\SLEUTHKIT\WIN32\LIBTSK\RELEASE_POSTGRESQL\YAFFS.OBJ
C:\USERS\ADEVITO\DOCUMENTS\TOOLS\SLEUTHKIT\WIN32\RELEASE_POSTGRESQL\LIBTSK.LIB
